{"/home/artmelkon/webdev/node-restful-vidly/app.js": {"path":"/home/artmelkon/webdev/node-restful-vidly/app.js","statementMap":{"0":{"start":{"line":1,"column":16},"end":{"line":1,"column":34}},"1":{"start":{"line":2,"column":16},"end":{"line":2,"column":34}},"2":{"start":{"line":3,"column":12},"end":{"line":3,"column":21}},"3":{"start":{"line":5,"column":0},"end":{"line":5,"column":29}},"4":{"start":{"line":6,"column":0},"end":{"line":6,"column":31}},"5":{"start":{"line":7,"column":0},"end":{"line":7,"column":24}},"6":{"start":{"line":8,"column":0},"end":{"line":8,"column":28}},"7":{"start":{"line":9,"column":0},"end":{"line":9,"column":32}},"8":{"start":{"line":11,"column":13},"end":{"line":11,"column":37}},"9":{"start":{"line":12,"column":15},"end":{"line":12,"column":83}},"10":{"start":{"line":12,"column":38},"end":{"line":12,"column":82}},"11":{"start":{"line":14,"column":0},"end":{"line":14,"column":24}}},"fnMap":{"0":{"name":"(anonymous_0)","decl":{"start":{"line":12,"column":32},"end":{"line":12,"column":33}},"loc":{"start":{"line":12,"column":38},"end":{"line":12,"column":82}},"line":12}},"branchMap":{"0":{"loc":{"start":{"line":11,"column":13},"end":{"line":11,"column":37}},"type":"binary-expr","locations":[{"start":{"line":11,"column":13},"end":{"line":11,"column":29}},{"start":{"line":11,"column":33},"end":{"line":11,"column":37}}],"line":11}},"s":{"0":1,"1":1,"2":1,"3":1,"4":1,"5":1,"6":1,"7":1,"8":1,"9":1,"10":1,"11":1},"f":{"0":1},"b":{"0":[1,1]},"_coverageSchema":"1a1c01bbd47fc00a2c39e90264f33305004495a9","hash":"bb4453a7995b7d9f063bdc64edf161abe61309ca"}
,"/home/artmelkon/webdev/node-restful-vidly/controllers/auth.js": {"path":"/home/artmelkon/webdev/node-restful-vidly/controllers/auth.js","statementMap":{"0":{"start":{"line":1,"column":12},"end":{"line":1,"column":35}},"1":{"start":{"line":2,"column":15},"end":{"line":2,"column":34}},"2":{"start":{"line":3,"column":12},"end":{"line":3,"column":26}},"3":{"start":{"line":5,"column":17},"end":{"line":5,"column":42}},"4":{"start":{"line":7,"column":0},"end":{"line":19,"column":1}},"5":{"start":{"line":8,"column":20},"end":{"line":8,"column":38}},"6":{"start":{"line":9,"column":2},"end":{"line":9,"column":66}},"7":{"start":{"line":9,"column":12},"end":{"line":9,"column":66}},"8":{"start":{"line":11,"column":13},"end":{"line":11,"column":58}},"9":{"start":{"line":12,"column":2},"end":{"line":12,"column":69}},"10":{"start":{"line":12,"column":12},"end":{"line":12,"column":69}},"11":{"start":{"line":14,"column":20},"end":{"line":14,"column":74}},"12":{"start":{"line":15,"column":2},"end":{"line":15,"column":74}},"13":{"start":{"line":15,"column":17},"end":{"line":15,"column":74}},"14":{"start":{"line":17,"column":16},"end":{"line":17,"column":40}},"15":{"start":{"line":18,"column":2},"end":{"line":18,"column":17}},"16":{"start":{"line":22,"column":17},"end":{"line":25,"column":3}},"17":{"start":{"line":26,"column":2},"end":{"line":26,"column":35}}},"fnMap":{"0":{"name":"(anonymous_0)","decl":{"start":{"line":7,"column":20},"end":{"line":7,"column":21}},"loc":{"start":{"line":7,"column":40},"end":{"line":19,"column":1}},"line":7},"1":{"name":"validate","decl":{"start":{"line":21,"column":15},"end":{"line":21,"column":23}},"loc":{"start":{"line":21,"column":30},"end":{"line":27,"column":1}},"line":21}},"branchMap":{"0":{"loc":{"start":{"line":9,"column":2},"end":{"line":9,"column":66}},"type":"if","locations":[{"start":{"line":9,"column":2},"end":{"line":9,"column":66}},{"start":{"line":9,"column":2},"end":{"line":9,"column":66}}],"line":9},"1":{"loc":{"start":{"line":12,"column":2},"end":{"line":12,"column":69}},"type":"if","locations":[{"start":{"line":12,"column":2},"end":{"line":12,"column":69}},{"start":{"line":12,"column":2},"end":{"line":12,"column":69}}],"line":12},"2":{"loc":{"start":{"line":15,"column":2},"end":{"line":15,"column":74}},"type":"if","locations":[{"start":{"line":15,"column":2},"end":{"line":15,"column":74}},{"start":{"line":15,"column":2},"end":{"line":15,"column":74}}],"line":15}},"s":{"0":1,"1":1,"2":1,"3":1,"4":1,"5":0,"6":0,"7":0,"8":0,"9":0,"10":0,"11":0,"12":0,"13":0,"14":0,"15":0,"16":0,"17":0},"f":{"0":0,"1":0},"b":{"0":[0,0],"1":[0,0],"2":[0,0]},"_coverageSchema":"1a1c01bbd47fc00a2c39e90264f33305004495a9","hash":"1b82d89e8d913ab2d385114402f1d68e36846f76"}
,"/home/artmelkon/webdev/node-restful-vidly/controllers/customer.js": {"path":"/home/artmelkon/webdev/node-restful-vidly/controllers/customer.js","statementMap":{"0":{"start":{"line":1,"column":17},"end":{"line":1,"column":36}},"1":{"start":{"line":2,"column":17},"end":{"line":2,"column":46}},"2":{"start":{"line":3,"column":29},"end":{"line":3,"column":63}},"3":{"start":{"line":5,"column":0},"end":{"line":8,"column":2}},"4":{"start":{"line":6,"column":20},"end":{"line":6,"column":54}},"5":{"start":{"line":7,"column":2},"end":{"line":7,"column":21}},"6":{"start":{"line":9,"column":0},"end":{"line":20,"column":1}},"7":{"start":{"line":10,"column":20},"end":{"line":10,"column":46}},"8":{"start":{"line":11,"column":2},"end":{"line":11,"column":66}},"9":{"start":{"line":11,"column":12},"end":{"line":11,"column":66}},"10":{"start":{"line":13,"column":17},"end":{"line":17,"column":4}},"11":{"start":{"line":18,"column":2},"end":{"line":18,"column":35}},"12":{"start":{"line":19,"column":2},"end":{"line":19,"column":21}},"13":{"start":{"line":21,"column":0},"end":{"line":34,"column":1}},"14":{"start":{"line":22,"column":20},"end":{"line":22,"column":46}},"15":{"start":{"line":23,"column":2},"end":{"line":23,"column":66}},"16":{"start":{"line":23,"column":12},"end":{"line":23,"column":66}},"17":{"start":{"line":25,"column":19},"end":{"line":31,"column":4}},"18":{"start":{"line":32,"column":2},"end":{"line":32,"column":72}},"19":{"start":{"line":32,"column":13},"end":{"line":32,"column":72}},"20":{"start":{"line":33,"column":2},"end":{"line":33,"column":21}},"21":{"start":{"line":35,"column":0},"end":{"line":39,"column":1}},"22":{"start":{"line":36,"column":19},"end":{"line":36,"column":64}},"23":{"start":{"line":37,"column":2},"end":{"line":37,"column":87}},"24":{"start":{"line":37,"column":16},"end":{"line":37,"column":87}},"25":{"start":{"line":38,"column":2},"end":{"line":38,"column":21}},"26":{"start":{"line":40,"column":0},"end":{"line":43,"column":1}},"27":{"start":{"line":41,"column":19},"end":{"line":41,"column":49}},"28":{"start":{"line":42,"column":2},"end":{"line":42,"column":70}},"29":{"start":{"line":42,"column":16},"end":{"line":42,"column":70}}},"fnMap":{"0":{"name":"(anonymous_0)","decl":{"start":{"line":5,"column":23},"end":{"line":5,"column":24}},"loc":{"start":{"line":5,"column":43},"end":{"line":8,"column":1}},"line":5},"1":{"name":"(anonymous_1)","decl":{"start":{"line":9,"column":23},"end":{"line":9,"column":24}},"loc":{"start":{"line":9,"column":43},"end":{"line":20,"column":1}},"line":9},"2":{"name":"(anonymous_2)","decl":{"start":{"line":21,"column":22},"end":{"line":21,"column":23}},"loc":{"start":{"line":21,"column":42},"end":{"line":34,"column":1}},"line":21},"3":{"name":"(anonymous_3)","decl":{"start":{"line":35,"column":25},"end":{"line":35,"column":26}},"loc":{"start":{"line":35,"column":45},"end":{"line":39,"column":1}},"line":35},"4":{"name":"(anonymous_4)","decl":{"start":{"line":40,"column":22},"end":{"line":40,"column":23}},"loc":{"start":{"line":40,"column":42},"end":{"line":43,"column":1}},"line":40}},"branchMap":{"0":{"loc":{"start":{"line":11,"column":2},"end":{"line":11,"column":66}},"type":"if","locations":[{"start":{"line":11,"column":2},"end":{"line":11,"column":66}},{"start":{"line":11,"column":2},"end":{"line":11,"column":66}}],"line":11},"1":{"loc":{"start":{"line":23,"column":2},"end":{"line":23,"column":66}},"type":"if","locations":[{"start":{"line":23,"column":2},"end":{"line":23,"column":66}},{"start":{"line":23,"column":2},"end":{"line":23,"column":66}}],"line":23},"2":{"loc":{"start":{"line":32,"column":2},"end":{"line":32,"column":72}},"type":"if","locations":[{"start":{"line":32,"column":2},"end":{"line":32,"column":72}},{"start":{"line":32,"column":2},"end":{"line":32,"column":72}}],"line":32},"3":{"loc":{"start":{"line":37,"column":2},"end":{"line":37,"column":87}},"type":"if","locations":[{"start":{"line":37,"column":2},"end":{"line":37,"column":87}},{"start":{"line":37,"column":2},"end":{"line":37,"column":87}}],"line":37},"4":{"loc":{"start":{"line":42,"column":2},"end":{"line":42,"column":70}},"type":"if","locations":[{"start":{"line":42,"column":2},"end":{"line":42,"column":70}},{"start":{"line":42,"column":2},"end":{"line":42,"column":70}}],"line":42}},"s":{"0":1,"1":1,"2":1,"3":1,"4":0,"5":0,"6":1,"7":0,"8":0,"9":0,"10":0,"11":0,"12":0,"13":1,"14":0,"15":0,"16":0,"17":0,"18":0,"19":0,"20":0,"21":1,"22":0,"23":0,"24":0,"25":0,"26":1,"27":0,"28":0,"29":0},"f":{"0":0,"1":0,"2":0,"3":0,"4":0},"b":{"0":[0,0],"1":[0,0],"2":[0,0],"3":[0,0],"4":[0,0]},"_coverageSchema":"1a1c01bbd47fc00a2c39e90264f33305004495a9","hash":"696e992abe8013c9a3eeddb0cb746487487ae959"}
,"/home/artmelkon/webdev/node-restful-vidly/controllers/genres.js": {"path":"/home/artmelkon/webdev/node-restful-vidly/controllers/genres.js","statementMap":{"0":{"start":{"line":1,"column":28},"end":{"line":1,"column":54}},"1":{"start":{"line":3,"column":0},"end":{"line":9,"column":2}},"2":{"start":{"line":7,"column":17},"end":{"line":7,"column":48}},"3":{"start":{"line":8,"column":2},"end":{"line":8,"column":19}},"4":{"start":{"line":10,"column":0},"end":{"line":18,"column":2}},"5":{"start":{"line":11,"column":20},"end":{"line":11,"column":38}},"6":{"start":{"line":12,"column":2},"end":{"line":12,"column":66}},"7":{"start":{"line":12,"column":12},"end":{"line":12,"column":66}},"8":{"start":{"line":14,"column":14},"end":{"line":14,"column":48}},"9":{"start":{"line":15,"column":2},"end":{"line":15,"column":29}},"10":{"start":{"line":17,"column":2},"end":{"line":17,"column":18}},"11":{"start":{"line":19,"column":0},"end":{"line":27,"column":2}},"12":{"start":{"line":20,"column":20},"end":{"line":20,"column":38}},"13":{"start":{"line":21,"column":2},"end":{"line":21,"column":66}},"14":{"start":{"line":21,"column":12},"end":{"line":21,"column":66}},"15":{"start":{"line":23,"column":16},"end":{"line":23,"column":100}},"16":{"start":{"line":24,"column":2},"end":{"line":24,"column":87}},"17":{"start":{"line":24,"column":14},"end":{"line":24,"column":87}},"18":{"start":{"line":26,"column":2},"end":{"line":26,"column":17}},"19":{"start":{"line":28,"column":0},"end":{"line":34,"column":2}},"20":{"start":{"line":29,"column":16},"end":{"line":29,"column":62}},"21":{"start":{"line":31,"column":2},"end":{"line":31,"column":85}},"22":{"start":{"line":31,"column":13},"end":{"line":31,"column":85}},"23":{"start":{"line":33,"column":2},"end":{"line":33,"column":17}},"24":{"start":{"line":35,"column":0},"end":{"line":41,"column":2}},"25":{"start":{"line":36,"column":16},"end":{"line":36,"column":51}},"26":{"start":{"line":38,"column":2},"end":{"line":38,"column":86}},"27":{"start":{"line":38,"column":13},"end":{"line":38,"column":86}},"28":{"start":{"line":40,"column":2},"end":{"line":40,"column":17}}},"fnMap":{"0":{"name":"(anonymous_0)","decl":{"start":{"line":3,"column":20},"end":{"line":3,"column":21}},"loc":{"start":{"line":3,"column":40},"end":{"line":9,"column":1}},"line":3},"1":{"name":"(anonymous_1)","decl":{"start":{"line":10,"column":21},"end":{"line":10,"column":22}},"loc":{"start":{"line":10,"column":41},"end":{"line":18,"column":1}},"line":10},"2":{"name":"(anonymous_2)","decl":{"start":{"line":19,"column":19},"end":{"line":19,"column":20}},"loc":{"start":{"line":19,"column":39},"end":{"line":27,"column":1}},"line":19},"3":{"name":"(anonymous_3)","decl":{"start":{"line":28,"column":22},"end":{"line":28,"column":23}},"loc":{"start":{"line":28,"column":42},"end":{"line":34,"column":1}},"line":28},"4":{"name":"(anonymous_4)","decl":{"start":{"line":35,"column":19},"end":{"line":35,"column":20}},"loc":{"start":{"line":35,"column":39},"end":{"line":41,"column":1}},"line":35}},"branchMap":{"0":{"loc":{"start":{"line":12,"column":2},"end":{"line":12,"column":66}},"type":"if","locations":[{"start":{"line":12,"column":2},"end":{"line":12,"column":66}},{"start":{"line":12,"column":2},"end":{"line":12,"column":66}}],"line":12},"1":{"loc":{"start":{"line":21,"column":2},"end":{"line":21,"column":66}},"type":"if","locations":[{"start":{"line":21,"column":2},"end":{"line":21,"column":66}},{"start":{"line":21,"column":2},"end":{"line":21,"column":66}}],"line":21},"2":{"loc":{"start":{"line":24,"column":2},"end":{"line":24,"column":87}},"type":"if","locations":[{"start":{"line":24,"column":2},"end":{"line":24,"column":87}},{"start":{"line":24,"column":2},"end":{"line":24,"column":87}}],"line":24},"3":{"loc":{"start":{"line":31,"column":2},"end":{"line":31,"column":85}},"type":"if","locations":[{"start":{"line":31,"column":2},"end":{"line":31,"column":85}},{"start":{"line":31,"column":2},"end":{"line":31,"column":85}}],"line":31},"4":{"loc":{"start":{"line":38,"column":2},"end":{"line":38,"column":86}},"type":"if","locations":[{"start":{"line":38,"column":2},"end":{"line":38,"column":86}},{"start":{"line":38,"column":2},"end":{"line":38,"column":86}}],"line":38}},"s":{"0":1,"1":1,"2":0,"3":0,"4":1,"5":1,"6":1,"7":0,"8":1,"9":1,"10":1,"11":1,"12":0,"13":0,"14":0,"15":0,"16":0,"17":0,"18":0,"19":1,"20":0,"21":0,"22":0,"23":0,"24":1,"25":0,"26":0,"27":0,"28":0},"f":{"0":0,"1":1,"2":0,"3":0,"4":0},"b":{"0":[0,1],"1":[0,0],"2":[0,0],"3":[0,0],"4":[0,0]},"_coverageSchema":"1a1c01bbd47fc00a2c39e90264f33305004495a9","hash":"59413e7a3bbc0cfe2ff18c890ede436d7020b205"}
,"/home/artmelkon/webdev/node-restful-vidly/controllers/movies.js": {"path":"/home/artmelkon/webdev/node-restful-vidly/controllers/movies.js","statementMap":{"0":{"start":{"line":1,"column":28},"end":{"line":1,"column":54}},"1":{"start":{"line":2,"column":18},"end":{"line":2,"column":44}},"2":{"start":{"line":4,"column":0},"end":{"line":7,"column":1}},"3":{"start":{"line":5,"column":17},"end":{"line":5,"column":48}},"4":{"start":{"line":6,"column":2},"end":{"line":6,"column":19}},"5":{"start":{"line":9,"column":0},"end":{"line":28,"column":1}},"6":{"start":{"line":10,"column":20},"end":{"line":10,"column":38}},"7":{"start":{"line":11,"column":2},"end":{"line":11,"column":66}},"8":{"start":{"line":11,"column":12},"end":{"line":11,"column":66}},"9":{"start":{"line":13,"column":16},"end":{"line":13,"column":54}},"10":{"start":{"line":14,"column":2},"end":{"line":14,"column":59}},"11":{"start":{"line":14,"column":13},"end":{"line":14,"column":59}},"12":{"start":{"line":16,"column":16},"end":{"line":24,"column":4}},"13":{"start":{"line":25,"column":2},"end":{"line":25,"column":21}},"14":{"start":{"line":27,"column":2},"end":{"line":27,"column":18}},"15":{"start":{"line":30,"column":0},"end":{"line":50,"column":1}},"16":{"start":{"line":31,"column":20},"end":{"line":31,"column":38}},"17":{"start":{"line":32,"column":2},"end":{"line":32,"column":66}},"18":{"start":{"line":32,"column":12},"end":{"line":32,"column":66}},"19":{"start":{"line":34,"column":16},"end":{"line":34,"column":54}},"20":{"start":{"line":35,"column":2},"end":{"line":35,"column":59}},"21":{"start":{"line":35,"column":13},"end":{"line":35,"column":59}},"22":{"start":{"line":37,"column":16},"end":{"line":45,"column":4}},"23":{"start":{"line":47,"column":2},"end":{"line":47,"column":29}},"24":{"start":{"line":49,"column":2},"end":{"line":49,"column":17}},"25":{"start":{"line":52,"column":0},"end":{"line":57,"column":1}},"26":{"start":{"line":53,"column":16},"end":{"line":53,"column":60}},"27":{"start":{"line":54,"column":2},"end":{"line":54,"column":80}},"28":{"start":{"line":54,"column":12},"end":{"line":54,"column":80}},"29":{"start":{"line":56,"column":2},"end":{"line":56,"column":18}}},"fnMap":{"0":{"name":"(anonymous_0)","decl":{"start":{"line":4,"column":20},"end":{"line":4,"column":21}},"loc":{"start":{"line":4,"column":40},"end":{"line":7,"column":1}},"line":4},"1":{"name":"(anonymous_1)","decl":{"start":{"line":9,"column":20},"end":{"line":9,"column":21}},"loc":{"start":{"line":9,"column":40},"end":{"line":28,"column":1}},"line":9},"2":{"name":"(anonymous_2)","decl":{"start":{"line":30,"column":19},"end":{"line":30,"column":20}},"loc":{"start":{"line":30,"column":39},"end":{"line":50,"column":1}},"line":30},"3":{"name":"(anonymous_3)","decl":{"start":{"line":52,"column":22},"end":{"line":52,"column":23}},"loc":{"start":{"line":52,"column":42},"end":{"line":57,"column":1}},"line":52}},"branchMap":{"0":{"loc":{"start":{"line":11,"column":2},"end":{"line":11,"column":66}},"type":"if","locations":[{"start":{"line":11,"column":2},"end":{"line":11,"column":66}},{"start":{"line":11,"column":2},"end":{"line":11,"column":66}}],"line":11},"1":{"loc":{"start":{"line":14,"column":2},"end":{"line":14,"column":59}},"type":"if","locations":[{"start":{"line":14,"column":2},"end":{"line":14,"column":59}},{"start":{"line":14,"column":2},"end":{"line":14,"column":59}}],"line":14},"2":{"loc":{"start":{"line":32,"column":2},"end":{"line":32,"column":66}},"type":"if","locations":[{"start":{"line":32,"column":2},"end":{"line":32,"column":66}},{"start":{"line":32,"column":2},"end":{"line":32,"column":66}}],"line":32},"3":{"loc":{"start":{"line":35,"column":2},"end":{"line":35,"column":59}},"type":"if","locations":[{"start":{"line":35,"column":2},"end":{"line":35,"column":59}},{"start":{"line":35,"column":2},"end":{"line":35,"column":59}}],"line":35},"4":{"loc":{"start":{"line":54,"column":2},"end":{"line":54,"column":80}},"type":"if","locations":[{"start":{"line":54,"column":2},"end":{"line":54,"column":80}},{"start":{"line":54,"column":2},"end":{"line":54,"column":80}}],"line":54}},"s":{"0":1,"1":1,"2":1,"3":0,"4":0,"5":1,"6":0,"7":0,"8":0,"9":0,"10":0,"11":0,"12":0,"13":0,"14":0,"15":1,"16":0,"17":0,"18":0,"19":0,"20":0,"21":0,"22":0,"23":0,"24":0,"25":1,"26":0,"27":0,"28":0,"29":0},"f":{"0":0,"1":0,"2":0,"3":0},"b":{"0":[0,0],"1":[0,0],"2":[0,0],"3":[0,0],"4":[0,0]},"_coverageSchema":"1a1c01bbd47fc00a2c39e90264f33305004495a9","hash":"5cbb9f643d9b493e13f8eb85ae8f9748a9f12d93"}
,"/home/artmelkon/webdev/node-restful-vidly/controllers/rentals.js": {"path":"/home/artmelkon/webdev/node-restful-vidly/controllers/rentals.js","statementMap":{"0":{"start":{"line":1,"column":13},"end":{"line":1,"column":28}},"1":{"start":{"line":2,"column":17},"end":{"line":2,"column":36}},"2":{"start":{"line":4,"column":29},"end":{"line":4,"column":56}},"3":{"start":{"line":5,"column":18},"end":{"line":5,"column":44}},"4":{"start":{"line":6,"column":21},"end":{"line":6,"column":50}},"5":{"start":{"line":8,"column":0},"end":{"line":8,"column":20}},"6":{"start":{"line":10,"column":0},"end":{"line":13,"column":2}},"7":{"start":{"line":11,"column":18},"end":{"line":11,"column":54}},"8":{"start":{"line":12,"column":2},"end":{"line":12,"column":19}},"9":{"start":{"line":15,"column":0},"end":{"line":54,"column":2}},"10":{"start":{"line":16,"column":20},"end":{"line":16,"column":38}},"11":{"start":{"line":17,"column":2},"end":{"line":17,"column":66}},"12":{"start":{"line":17,"column":12},"end":{"line":17,"column":66}},"13":{"start":{"line":19,"column":19},"end":{"line":19,"column":63}},"14":{"start":{"line":20,"column":2},"end":{"line":20,"column":65}},"15":{"start":{"line":20,"column":16},"end":{"line":20,"column":65}},"16":{"start":{"line":22,"column":16},"end":{"line":22,"column":54}},"17":{"start":{"line":23,"column":2},"end":{"line":23,"column":59}},"18":{"start":{"line":23,"column":13},"end":{"line":23,"column":59}},"19":{"start":{"line":25,"column":2},"end":{"line":25,"column":83}},"20":{"start":{"line":25,"column":32},"end":{"line":25,"column":83}},"21":{"start":{"line":27,"column":15},"end":{"line":38,"column":4}},"22":{"start":{"line":40,"column":2},"end":{"line":53,"column":3}},"23":{"start":{"line":41,"column":4},"end":{"line":47,"column":13}},"24":{"start":{"line":49,"column":4},"end":{"line":49,"column":21}},"25":{"start":{"line":52,"column":4},"end":{"line":52,"column":45}},"26":{"start":{"line":56,"column":0},"end":{"line":61,"column":1}},"27":{"start":{"line":57,"column":17},"end":{"line":57,"column":53}},"28":{"start":{"line":58,"column":2},"end":{"line":58,"column":89}},"29":{"start":{"line":58,"column":14},"end":{"line":58,"column":89}},"30":{"start":{"line":60,"column":2},"end":{"line":60,"column":18}}},"fnMap":{"0":{"name":"(anonymous_0)","decl":{"start":{"line":10,"column":21},"end":{"line":10,"column":22}},"loc":{"start":{"line":10,"column":40},"end":{"line":13,"column":1}},"line":10},"1":{"name":"(anonymous_1)","decl":{"start":{"line":15,"column":21},"end":{"line":15,"column":22}},"loc":{"start":{"line":15,"column":41},"end":{"line":54,"column":1}},"line":15},"2":{"name":"(anonymous_2)","decl":{"start":{"line":56,"column":20},"end":{"line":56,"column":21}},"loc":{"start":{"line":56,"column":40},"end":{"line":61,"column":1}},"line":56}},"branchMap":{"0":{"loc":{"start":{"line":17,"column":2},"end":{"line":17,"column":66}},"type":"if","locations":[{"start":{"line":17,"column":2},"end":{"line":17,"column":66}},{"start":{"line":17,"column":2},"end":{"line":17,"column":66}}],"line":17},"1":{"loc":{"start":{"line":20,"column":2},"end":{"line":20,"column":65}},"type":"if","locations":[{"start":{"line":20,"column":2},"end":{"line":20,"column":65}},{"start":{"line":20,"column":2},"end":{"line":20,"column":65}}],"line":20},"2":{"loc":{"start":{"line":23,"column":2},"end":{"line":23,"column":59}},"type":"if","locations":[{"start":{"line":23,"column":2},"end":{"line":23,"column":59}},{"start":{"line":23,"column":2},"end":{"line":23,"column":59}}],"line":23},"3":{"loc":{"start":{"line":25,"column":2},"end":{"line":25,"column":83}},"type":"if","locations":[{"start":{"line":25,"column":2},"end":{"line":25,"column":83}},{"start":{"line":25,"column":2},"end":{"line":25,"column":83}}],"line":25},"4":{"loc":{"start":{"line":58,"column":2},"end":{"line":58,"column":89}},"type":"if","locations":[{"start":{"line":58,"column":2},"end":{"line":58,"column":89}},{"start":{"line":58,"column":2},"end":{"line":58,"column":89}}],"line":58}},"s":{"0":1,"1":1,"2":1,"3":1,"4":1,"5":1,"6":1,"7":0,"8":0,"9":1,"10":0,"11":0,"12":0,"13":0,"14":0,"15":0,"16":0,"17":0,"18":0,"19":0,"20":0,"21":0,"22":0,"23":0,"24":0,"25":0,"26":1,"27":0,"28":0,"29":0,"30":0},"f":{"0":0,"1":0,"2":0},"b":{"0":[0,0],"1":[0,0],"2":[0,0],"3":[0,0],"4":[0,0]},"_coverageSchema":"1a1c01bbd47fc00a2c39e90264f33305004495a9","hash":"ccf7b13f072ad7225fc06234e2e0a53e1cb1fbd0"}
,"/home/artmelkon/webdev/node-restful-vidly/controllers/users.js": {"path":"/home/artmelkon/webdev/node-restful-vidly/controllers/users.js","statementMap":{"0":{"start":{"line":1,"column":10},"end":{"line":1,"column":27}},"1":{"start":{"line":2,"column":15},"end":{"line":2,"column":34}},"2":{"start":{"line":4,"column":27},"end":{"line":4,"column":52}},"3":{"start":{"line":6,"column":0},"end":{"line":9,"column":1}},"4":{"start":{"line":7,"column":16},"end":{"line":7,"column":46}},"5":{"start":{"line":8,"column":2},"end":{"line":8,"column":18}},"6":{"start":{"line":11,"column":0},"end":{"line":26,"column":1}},"7":{"start":{"line":12,"column":20},"end":{"line":12,"column":38}},"8":{"start":{"line":13,"column":2},"end":{"line":13,"column":66}},"9":{"start":{"line":13,"column":12},"end":{"line":13,"column":66}},"10":{"start":{"line":15,"column":13},"end":{"line":15,"column":58}},"11":{"start":{"line":16,"column":2},"end":{"line":16,"column":66}},"12":{"start":{"line":16,"column":11},"end":{"line":16,"column":66}},"13":{"start":{"line":19,"column":2},"end":{"line":19,"column":68}},"14":{"start":{"line":20,"column":15},"end":{"line":20,"column":39}},"15":{"start":{"line":21,"column":2},"end":{"line":21,"column":57}},"16":{"start":{"line":22,"column":2},"end":{"line":22,"column":20}},"17":{"start":{"line":24,"column":16},"end":{"line":24,"column":40}},"18":{"start":{"line":25,"column":2},"end":{"line":25,"column":83}},"19":{"start":{"line":27,"column":0},"end":{"line":31,"column":2}},"20":{"start":{"line":28,"column":15},"end":{"line":28,"column":58}},"21":{"start":{"line":29,"column":2},"end":{"line":29,"column":78}},"22":{"start":{"line":29,"column":12},"end":{"line":29,"column":78}},"23":{"start":{"line":30,"column":2},"end":{"line":30,"column":24}},"24":{"start":{"line":32,"column":0},"end":{"line":35,"column":2}},"25":{"start":{"line":33,"column":15},"end":{"line":33,"column":68}},"26":{"start":{"line":34,"column":2},"end":{"line":34,"column":17}}},"fnMap":{"0":{"name":"(anonymous_0)","decl":{"start":{"line":6,"column":19},"end":{"line":6,"column":20}},"loc":{"start":{"line":6,"column":39},"end":{"line":9,"column":1}},"line":6},"1":{"name":"(anonymous_1)","decl":{"start":{"line":11,"column":19},"end":{"line":11,"column":20}},"loc":{"start":{"line":11,"column":39},"end":{"line":26,"column":1}},"line":11},"2":{"name":"(anonymous_2)","decl":{"start":{"line":27,"column":21},"end":{"line":27,"column":22}},"loc":{"start":{"line":27,"column":41},"end":{"line":31,"column":1}},"line":27},"3":{"name":"(anonymous_3)","decl":{"start":{"line":32,"column":18},"end":{"line":32,"column":19}},"loc":{"start":{"line":32,"column":38},"end":{"line":35,"column":1}},"line":32}},"branchMap":{"0":{"loc":{"start":{"line":13,"column":2},"end":{"line":13,"column":66}},"type":"if","locations":[{"start":{"line":13,"column":2},"end":{"line":13,"column":66}},{"start":{"line":13,"column":2},"end":{"line":13,"column":66}}],"line":13},"1":{"loc":{"start":{"line":16,"column":2},"end":{"line":16,"column":66}},"type":"if","locations":[{"start":{"line":16,"column":2},"end":{"line":16,"column":66}},{"start":{"line":16,"column":2},"end":{"line":16,"column":66}}],"line":16},"2":{"loc":{"start":{"line":29,"column":2},"end":{"line":29,"column":78}},"type":"if","locations":[{"start":{"line":29,"column":2},"end":{"line":29,"column":78}},{"start":{"line":29,"column":2},"end":{"line":29,"column":78}}],"line":29}},"s":{"0":1,"1":1,"2":1,"3":1,"4":0,"5":0,"6":1,"7":0,"8":0,"9":0,"10":0,"11":0,"12":0,"13":0,"14":0,"15":0,"16":0,"17":0,"18":0,"19":1,"20":0,"21":0,"22":0,"23":0,"24":1,"25":0,"26":0},"f":{"0":0,"1":0,"2":0,"3":0},"b":{"0":[0,0],"1":[0,0],"2":[0,0]},"_coverageSchema":"1a1c01bbd47fc00a2c39e90264f33305004495a9","hash":"7095a7b1a28a5d45692ccb747ca2bbe035e4bd7a"}
,"/home/artmelkon/webdev/node-restful-vidly/models/customer.js": {"path":"/home/artmelkon/webdev/node-restful-vidly/models/customer.js","statementMap":{"0":{"start":{"line":1,"column":17},"end":{"line":1,"column":36}},"1":{"start":{"line":3,"column":23},"end":{"line":20,"column":2}},"2":{"start":{"line":22,"column":17},"end":{"line":22,"column":59}},"3":{"start":{"line":24,"column":0},"end":{"line":24,"column":28}}},"fnMap":{},"branchMap":{},"s":{"0":1,"1":1,"2":1,"3":1},"f":{},"b":{},"_coverageSchema":"1a1c01bbd47fc00a2c39e90264f33305004495a9","hash":"e35d4a4e5dbaac7516e4b96a4dd63659233fe42d"}
,"/home/artmelkon/webdev/node-restful-vidly/models/genre.js": {"path":"/home/artmelkon/webdev/node-restful-vidly/models/genre.js","statementMap":{"0":{"start":{"line":1,"column":12},"end":{"line":1,"column":26}},"1":{"start":{"line":2,"column":17},"end":{"line":2,"column":36}},"2":{"start":{"line":5,"column":20},"end":{"line":13,"column":2}},"3":{"start":{"line":15,"column":14},"end":{"line":15,"column":50}},"4":{"start":{"line":18,"column":17},"end":{"line":20,"column":3}},"5":{"start":{"line":22,"column":2},"end":{"line":22,"column":37}},"6":{"start":{"line":25,"column":0},"end":{"line":25,"column":34}},"7":{"start":{"line":26,"column":0},"end":{"line":26,"column":22}},"8":{"start":{"line":27,"column":0},"end":{"line":27,"column":33}}},"fnMap":{"0":{"name":"validateGenre","decl":{"start":{"line":17,"column":9},"end":{"line":17,"column":22}},"loc":{"start":{"line":17,"column":30},"end":{"line":23,"column":1}},"line":17}},"branchMap":{},"s":{"0":1,"1":1,"2":1,"3":1,"4":1,"5":1,"6":1,"7":1,"8":1},"f":{"0":1},"b":{},"_coverageSchema":"1a1c01bbd47fc00a2c39e90264f33305004495a9","hash":"8aa1862c8b82e80bdb43f1c66657d3eb6c1c02ba"}
,"/home/artmelkon/webdev/node-restful-vidly/models/movie.js": {"path":"/home/artmelkon/webdev/node-restful-vidly/models/movie.js","statementMap":{"0":{"start":{"line":1,"column":12},"end":{"line":1,"column":26}},"1":{"start":{"line":2,"column":17},"end":{"line":2,"column":36}},"2":{"start":{"line":3,"column":24},"end":{"line":3,"column":42}},"3":{"start":{"line":5,"column":14},"end":{"line":29,"column":3}},"4":{"start":{"line":32,"column":17},"end":{"line":37,"column":3}},"5":{"start":{"line":39,"column":2},"end":{"line":39,"column":37}},"6":{"start":{"line":42,"column":0},"end":{"line":42,"column":22}},"7":{"start":{"line":43,"column":0},"end":{"line":43,"column":33}}},"fnMap":{"0":{"name":"validateMovie","decl":{"start":{"line":31,"column":9},"end":{"line":31,"column":22}},"loc":{"start":{"line":31,"column":30},"end":{"line":40,"column":1}},"line":31}},"branchMap":{},"s":{"0":1,"1":1,"2":1,"3":1,"4":0,"5":0,"6":1,"7":1},"f":{"0":0},"b":{},"_coverageSchema":"1a1c01bbd47fc00a2c39e90264f33305004495a9","hash":"8b51bdf53256073aea62d37b3af884e61fec5ffe"}
,"/home/artmelkon/webdev/node-restful-vidly/models/rental.js": {"path":"/home/artmelkon/webdev/node-restful-vidly/models/rental.js","statementMap":{"0":{"start":{"line":1,"column":12},"end":{"line":1,"column":26}},"1":{"start":{"line":2,"column":17},"end":{"line":2,"column":36}},"2":{"start":{"line":4,"column":15},"end":{"line":56,"column":3}},"3":{"start":{"line":59,"column":17},"end":{"line":62,"column":3}},"4":{"start":{"line":64,"column":2},"end":{"line":64,"column":38}},"5":{"start":{"line":67,"column":0},"end":{"line":67,"column":24}},"6":{"start":{"line":68,"column":0},"end":{"line":68,"column":34}}},"fnMap":{"0":{"name":"validateRental","decl":{"start":{"line":58,"column":9},"end":{"line":58,"column":23}},"loc":{"start":{"line":58,"column":32},"end":{"line":65,"column":1}},"line":58}},"branchMap":{},"s":{"0":1,"1":1,"2":1,"3":0,"4":0,"5":1,"6":1},"f":{"0":0},"b":{},"_coverageSchema":"1a1c01bbd47fc00a2c39e90264f33305004495a9","hash":"928df7937136a4ebf402e9c54bafa233240bca67"}
,"/home/artmelkon/webdev/node-restful-vidly/models/user.js": {"path":"/home/artmelkon/webdev/node-restful-vidly/models/user.js","statementMap":{"0":{"start":{"line":1,"column":12},"end":{"line":1,"column":35}},"1":{"start":{"line":2,"column":15},"end":{"line":2,"column":32}},"2":{"start":{"line":3,"column":12},"end":{"line":3,"column":26}},"3":{"start":{"line":4,"column":17},"end":{"line":4,"column":36}},"4":{"start":{"line":6,"column":19},"end":{"line":27,"column":2}},"5":{"start":{"line":30,"column":0},"end":{"line":33,"column":1}},"6":{"start":{"line":31,"column":16},"end":{"line":31,"column":95}},"7":{"start":{"line":32,"column":2},"end":{"line":32,"column":15}},"8":{"start":{"line":35,"column":13},"end":{"line":35,"column":47}},"9":{"start":{"line":38,"column":17},"end":{"line":42,"column":3}},"10":{"start":{"line":44,"column":2},"end":{"line":44,"column":36}},"11":{"start":{"line":47,"column":0},"end":{"line":47,"column":20}},"12":{"start":{"line":48,"column":0},"end":{"line":48,"column":32}}},"fnMap":{"0":{"name":"(anonymous_0)","decl":{"start":{"line":30,"column":39},"end":{"line":30,"column":40}},"loc":{"start":{"line":30,"column":50},"end":{"line":33,"column":1}},"line":30},"1":{"name":"validateUser","decl":{"start":{"line":37,"column":9},"end":{"line":37,"column":21}},"loc":{"start":{"line":37,"column":28},"end":{"line":45,"column":1}},"line":37}},"branchMap":{},"s":{"0":3,"1":3,"2":3,"3":3,"4":3,"5":3,"6":5,"7":5,"8":3,"9":0,"10":0,"11":3,"12":3},"f":{"0":5,"1":0},"b":{},"_coverageSchema":"1a1c01bbd47fc00a2c39e90264f33305004495a9","hash":"6c6e7450efddbd7eab8255925abf62da8d84c7c0"}
,"/home/artmelkon/webdev/node-restful-vidly/routes/auth.js": {"path":"/home/artmelkon/webdev/node-restful-vidly/routes/auth.js","statementMap":{"0":{"start":{"line":1,"column":16},"end":{"line":1,"column":34}},"1":{"start":{"line":2,"column":15},"end":{"line":2,"column":31}},"2":{"start":{"line":4,"column":22},"end":{"line":4,"column":52}},"3":{"start":{"line":6,"column":0},"end":{"line":6,"column":42}},"4":{"start":{"line":8,"column":0},"end":{"line":8,"column":24}}},"fnMap":{},"branchMap":{},"s":{"0":1,"1":1,"2":1,"3":1,"4":1},"f":{},"b":{},"_coverageSchema":"1a1c01bbd47fc00a2c39e90264f33305004495a9","hash":"d507e9db6b31fbdd239503b6778afdb547c59582"}
,"/home/artmelkon/webdev/node-restful-vidly/routes/customers.js": {"path":"/home/artmelkon/webdev/node-restful-vidly/routes/customers.js","statementMap":{"0":{"start":{"line":1,"column":28},"end":{"line":1,"column":62}},"1":{"start":{"line":2,"column":16},"end":{"line":2,"column":34}},"2":{"start":{"line":3,"column":15},"end":{"line":3,"column":31}},"3":{"start":{"line":5,"column":0},"end":{"line":5,"column":50}},"4":{"start":{"line":6,"column":0},"end":{"line":6,"column":51}},"5":{"start":{"line":7,"column":0},"end":{"line":7,"column":52}},"6":{"start":{"line":8,"column":0},"end":{"line":8,"column":58}},"7":{"start":{"line":9,"column":0},"end":{"line":9,"column":52}},"8":{"start":{"line":11,"column":0},"end":{"line":11,"column":23}}},"fnMap":{},"branchMap":{},"s":{"0":1,"1":1,"2":1,"3":1,"4":1,"5":1,"6":1,"7":1,"8":1},"f":{},"b":{},"_coverageSchema":"1a1c01bbd47fc00a2c39e90264f33305004495a9","hash":"a1cd8d1f9289efde94f3c7ac00a5dff901d27580"}
,"/home/artmelkon/webdev/node-restful-vidly/routes/genres.js": {"path":"/home/artmelkon/webdev/node-restful-vidly/routes/genres.js","statementMap":{"0":{"start":{"line":1,"column":25},"end":{"line":1,"column":64}},"1":{"start":{"line":2,"column":16},"end":{"line":2,"column":34}},"2":{"start":{"line":3,"column":15},"end":{"line":3,"column":31}},"3":{"start":{"line":5,"column":13},"end":{"line":5,"column":40}},"4":{"start":{"line":6,"column":14},"end":{"line":6,"column":42}},"5":{"start":{"line":7,"column":24},"end":{"line":7,"column":56}},"6":{"start":{"line":9,"column":0},"end":{"line":9,"column":43}},"7":{"start":{"line":10,"column":0},"end":{"line":10,"column":50}},"8":{"start":{"line":11,"column":0},"end":{"line":11,"column":45}},"9":{"start":{"line":12,"column":0},"end":{"line":12,"column":66}},"10":{"start":{"line":13,"column":0},"end":{"line":13,"column":62}},"11":{"start":{"line":15,"column":0},"end":{"line":15,"column":24}}},"fnMap":{},"branchMap":{},"s":{"0":1,"1":1,"2":1,"3":1,"4":1,"5":1,"6":1,"7":1,"8":1,"9":1,"10":1,"11":1},"f":{},"b":{},"_coverageSchema":"1a1c01bbd47fc00a2c39e90264f33305004495a9","hash":"d1efbe75f008421ae734279b33cb31da23c7b8c5"}
,"/home/artmelkon/webdev/node-restful-vidly/routes/movies.js": {"path":"/home/artmelkon/webdev/node-restful-vidly/routes/movies.js","statementMap":{"0":{"start":{"line":1,"column":16},"end":{"line":1,"column":34}},"1":{"start":{"line":2,"column":15},"end":{"line":2,"column":31}},"2":{"start":{"line":4,"column":13},"end":{"line":4,"column":40}},"3":{"start":{"line":5,"column":24},"end":{"line":5,"column":56}},"4":{"start":{"line":7,"column":0},"end":{"line":7,"column":49}},"5":{"start":{"line":8,"column":0},"end":{"line":8,"column":50}},"6":{"start":{"line":9,"column":0},"end":{"line":9,"column":42}},"7":{"start":{"line":10,"column":0},"end":{"line":10,"column":51}},"8":{"start":{"line":12,"column":0},"end":{"line":12,"column":24}}},"fnMap":{},"branchMap":{},"s":{"0":1,"1":1,"2":1,"3":1,"4":1,"5":1,"6":1,"7":1,"8":1},"f":{},"b":{},"_coverageSchema":"1a1c01bbd47fc00a2c39e90264f33305004495a9","hash":"e6ed46fce195224e1980393c75c6497b4a9f0537"}
,"/home/artmelkon/webdev/node-restful-vidly/routes/rentals.js": {"path":"/home/artmelkon/webdev/node-restful-vidly/routes/rentals.js","statementMap":{"0":{"start":{"line":1,"column":16},"end":{"line":1,"column":34}},"1":{"start":{"line":2,"column":15},"end":{"line":2,"column":31}},"2":{"start":{"line":4,"column":25},"end":{"line":4,"column":58}},"3":{"start":{"line":6,"column":0},"end":{"line":6,"column":45}},"4":{"start":{"line":7,"column":0},"end":{"line":7,"column":46}},"5":{"start":{"line":8,"column":0},"end":{"line":8,"column":47}},"6":{"start":{"line":10,"column":0},"end":{"line":10,"column":24}}},"fnMap":{},"branchMap":{},"s":{"0":1,"1":1,"2":1,"3":1,"4":1,"5":1,"6":1},"f":{},"b":{},"_coverageSchema":"1a1c01bbd47fc00a2c39e90264f33305004495a9","hash":"4e176585017f399cadbb5f5da7265d4ae232b73e"}
,"/home/artmelkon/webdev/node-restful-vidly/routes/users.js": {"path":"/home/artmelkon/webdev/node-restful-vidly/routes/users.js","statementMap":{"0":{"start":{"line":1,"column":16},"end":{"line":1,"column":34}},"1":{"start":{"line":2,"column":15},"end":{"line":2,"column":31}},"2":{"start":{"line":4,"column":13},"end":{"line":4,"column":40}},"3":{"start":{"line":5,"column":24},"end":{"line":5,"column":55}},"4":{"start":{"line":7,"column":0},"end":{"line":7,"column":42}},"5":{"start":{"line":8,"column":0},"end":{"line":8,"column":43}},"6":{"start":{"line":11,"column":0},"end":{"line":11,"column":49}},"7":{"start":{"line":13,"column":0},"end":{"line":13,"column":24}}},"fnMap":{},"branchMap":{},"s":{"0":1,"1":1,"2":1,"3":1,"4":1,"5":1,"6":1,"7":1},"f":{},"b":{},"_coverageSchema":"1a1c01bbd47fc00a2c39e90264f33305004495a9","hash":"1d84ae3f041911d00c1a98b7c7213b02e37676f9"}
,"/home/artmelkon/webdev/node-restful-vidly/services/admin.js": {"path":"/home/artmelkon/webdev/node-restful-vidly/services/admin.js","statementMap":{"0":{"start":{"line":1,"column":0},"end":{"line":4,"column":1}},"1":{"start":{"line":2,"column":2},"end":{"line":2,"column":70}},"2":{"start":{"line":2,"column":24},"end":{"line":2,"column":70}},"3":{"start":{"line":3,"column":2},"end":{"line":3,"column":9}}},"fnMap":{"0":{"name":"(anonymous_0)","decl":{"start":{"line":1,"column":17},"end":{"line":1,"column":18}},"loc":{"start":{"line":1,"column":37},"end":{"line":4,"column":1}},"line":1}},"branchMap":{"0":{"loc":{"start":{"line":2,"column":2},"end":{"line":2,"column":70}},"type":"if","locations":[{"start":{"line":2,"column":2},"end":{"line":2,"column":70}},{"start":{"line":2,"column":2},"end":{"line":2,"column":70}}],"line":2}},"s":{"0":1,"1":0,"2":0,"3":0},"f":{"0":0},"b":{"0":[0,0]},"_coverageSchema":"1a1c01bbd47fc00a2c39e90264f33305004495a9","hash":"72420ae2167922cb399bc4703b8a0bdd2f0aef0a"}
,"/home/artmelkon/webdev/node-restful-vidly/services/auth.js": {"path":"/home/artmelkon/webdev/node-restful-vidly/services/auth.js","statementMap":{"0":{"start":{"line":1,"column":12},"end":{"line":1,"column":35}},"1":{"start":{"line":2,"column":15},"end":{"line":2,"column":32}},"2":{"start":{"line":4,"column":0},"end":{"line":16,"column":1}},"3":{"start":{"line":5,"column":16},"end":{"line":5,"column":42}},"4":{"start":{"line":6,"column":2},"end":{"line":6,"column":78}},"5":{"start":{"line":6,"column":13},"end":{"line":6,"column":78}},"6":{"start":{"line":8,"column":2},"end":{"line":15,"column":3}},"7":{"start":{"line":9,"column":20},"end":{"line":9,"column":66}},"8":{"start":{"line":10,"column":4},"end":{"line":10,"column":23}},"9":{"start":{"line":11,"column":4},"end":{"line":11,"column":11}},"10":{"start":{"line":14,"column":4},"end":{"line":14,"column":41}}},"fnMap":{"0":{"name":"(anonymous_0)","decl":{"start":{"line":4,"column":17},"end":{"line":4,"column":18}},"loc":{"start":{"line":4,"column":42},"end":{"line":16,"column":1}},"line":4}},"branchMap":{"0":{"loc":{"start":{"line":6,"column":2},"end":{"line":6,"column":78}},"type":"if","locations":[{"start":{"line":6,"column":2},"end":{"line":6,"column":78}},{"start":{"line":6,"column":2},"end":{"line":6,"column":78}}],"line":6}},"s":{"0":2,"1":2,"2":2,"3":4,"4":4,"5":1,"6":3,"7":3,"8":2,"9":2,"10":1},"f":{"0":4},"b":{"0":[1,3]},"_coverageSchema":"1a1c01bbd47fc00a2c39e90264f33305004495a9","hash":"8b5ee9f08b1c0c76381ff64bab229d8c8ae6a572"}
,"/home/artmelkon/webdev/node-restful-vidly/services/error.js": {"path":"/home/artmelkon/webdev/node-restful-vidly/services/error.js","statementMap":{"0":{"start":{"line":1,"column":16},"end":{"line":1,"column":34}},"1":{"start":{"line":3,"column":0},"end":{"line":14,"column":1}},"2":{"start":{"line":4,"column":2},"end":{"line":4,"column":33}},"3":{"start":{"line":13,"column":2},"end":{"line":13,"column":47}}},"fnMap":{"0":{"name":"(anonymous_0)","decl":{"start":{"line":3,"column":17},"end":{"line":3,"column":18}},"loc":{"start":{"line":3,"column":47},"end":{"line":14,"column":1}},"line":3}},"branchMap":{},"s":{"0":1,"1":1,"2":0,"3":0},"f":{"0":0},"b":{},"_coverageSchema":"1a1c01bbd47fc00a2c39e90264f33305004495a9","hash":"ca38529ff6bec54b34d945f4894acd60fd21f50d"}
,"/home/artmelkon/webdev/node-restful-vidly/services/validate.js": {"path":"/home/artmelkon/webdev/node-restful-vidly/services/validate.js","statementMap":{"0":{"start":{"line":1,"column":12},"end":{"line":1,"column":26}},"1":{"start":{"line":4,"column":17},"end":{"line":8,"column":3}},"2":{"start":{"line":9,"column":2},"end":{"line":9,"column":40}},"3":{"start":{"line":13,"column":17},"end":{"line":13,"column":57}},"4":{"start":{"line":14,"column":2},"end":{"line":14,"column":37}},"5":{"start":{"line":18,"column":17},"end":{"line":23,"column":3}},"6":{"start":{"line":24,"column":2},"end":{"line":24,"column":37}},"7":{"start":{"line":28,"column":17},"end":{"line":31,"column":3}},"8":{"start":{"line":32,"column":2},"end":{"line":32,"column":37}},"9":{"start":{"line":35,"column":0},"end":{"line":35,"column":44}},"10":{"start":{"line":36,"column":0},"end":{"line":36,"column":38}},"11":{"start":{"line":37,"column":0},"end":{"line":37,"column":38}},"12":{"start":{"line":38,"column":0},"end":{"line":38,"column":40}}},"fnMap":{"0":{"name":"validateCustomer","decl":{"start":{"line":3,"column":9},"end":{"line":3,"column":25}},"loc":{"start":{"line":3,"column":36},"end":{"line":10,"column":1}},"line":3},"1":{"name":"validateGenre","decl":{"start":{"line":12,"column":9},"end":{"line":12,"column":22}},"loc":{"start":{"line":12,"column":30},"end":{"line":15,"column":1}},"line":12},"2":{"name":"validateMovie","decl":{"start":{"line":17,"column":9},"end":{"line":17,"column":22}},"loc":{"start":{"line":17,"column":30},"end":{"line":25,"column":1}},"line":17},"3":{"name":"validateRental","decl":{"start":{"line":27,"column":9},"end":{"line":27,"column":23}},"loc":{"start":{"line":27,"column":32},"end":{"line":33,"column":1}},"line":27}},"branchMap":{},"s":{"0":1,"1":0,"2":0,"3":0,"4":0,"5":0,"6":0,"7":0,"8":0,"9":1,"10":1,"11":1,"12":1},"f":{"0":0,"1":0,"2":0,"3":0},"b":{},"_coverageSchema":"1a1c01bbd47fc00a2c39e90264f33305004495a9","hash":"510b5eb59ac72397db227abc3a1a2a425425a643"}
,"/home/artmelkon/webdev/node-restful-vidly/services/validateObjectId.js": {"path":"/home/artmelkon/webdev/node-restful-vidly/services/validateObjectId.js","statementMap":{"0":{"start":{"line":1,"column":17},"end":{"line":1,"column":36}},"1":{"start":{"line":3,"column":0},"end":{"line":8,"column":1}},"2":{"start":{"line":4,"column":2},"end":{"line":5,"column":47}},"3":{"start":{"line":5,"column":4},"end":{"line":5,"column":47}},"4":{"start":{"line":7,"column":2},"end":{"line":7,"column":8}}},"fnMap":{"0":{"name":"(anonymous_0)","decl":{"start":{"line":3,"column":17},"end":{"line":3,"column":18}},"loc":{"start":{"line":3,"column":37},"end":{"line":8,"column":1}},"line":3}},"branchMap":{"0":{"loc":{"start":{"line":4,"column":2},"end":{"line":5,"column":47}},"type":"if","locations":[{"start":{"line":4,"column":2},"end":{"line":5,"column":47}},{"start":{"line":4,"column":2},"end":{"line":5,"column":47}}],"line":4}},"s":{"0":1,"1":1,"2":0,"3":0,"4":0},"f":{"0":0},"b":{"0":[0,0]},"_coverageSchema":"1a1c01bbd47fc00a2c39e90264f33305004495a9","hash":"5aef2b6fa9f7920343aa66032a735a142055a37e"}
,"/home/artmelkon/webdev/node-restful-vidly/utils/config.js": {"path":"/home/artmelkon/webdev/node-restful-vidly/utils/config.js","statementMap":{"0":{"start":{"line":1,"column":15},"end":{"line":1,"column":32}},"1":{"start":{"line":3,"column":0},"end":{"line":8,"column":1}},"2":{"start":{"line":4,"column":2},"end":{"line":7,"column":3}},"3":{"start":{"line":5,"column":4},"end":{"line":5,"column":65}},"4":{"start":{"line":6,"column":4},"end":{"line":6,"column":20}}},"fnMap":{"0":{"name":"(anonymous_0)","decl":{"start":{"line":3,"column":17},"end":{"line":3,"column":18}},"loc":{"start":{"line":3,"column":28},"end":{"line":8,"column":1}},"line":3}},"branchMap":{"0":{"loc":{"start":{"line":4,"column":2},"end":{"line":7,"column":3}},"type":"if","locations":[{"start":{"line":4,"column":2},"end":{"line":7,"column":3}},{"start":{"line":4,"column":2},"end":{"line":7,"column":3}}],"line":4}},"s":{"0":1,"1":1,"2":1,"3":0,"4":0},"f":{"0":1},"b":{"0":[0,1]},"_coverageSchema":"1a1c01bbd47fc00a2c39e90264f33305004495a9","hash":"9efec227e1834ff0980086177dcc4db61100cd38"}
,"/home/artmelkon/webdev/node-restful-vidly/utils/db.js": {"path":"/home/artmelkon/webdev/node-restful-vidly/utils/db.js","statementMap":{"0":{"start":{"line":1,"column":16},"end":{"line":1,"column":34}},"1":{"start":{"line":2,"column":17},"end":{"line":2,"column":36}},"2":{"start":{"line":3,"column":15},"end":{"line":3,"column":32}},"3":{"start":{"line":5,"column":0},"end":{"line":9,"column":1}},"4":{"start":{"line":6,"column":13},"end":{"line":6,"column":29}},"5":{"start":{"line":7,"column":2},"end":{"line":8,"column":53}},"6":{"start":{"line":8,"column":15},"end":{"line":8,"column":51}}},"fnMap":{"0":{"name":"(anonymous_0)","decl":{"start":{"line":5,"column":17},"end":{"line":5,"column":18}},"loc":{"start":{"line":5,"column":28},"end":{"line":9,"column":1}},"line":5},"1":{"name":"(anonymous_1)","decl":{"start":{"line":8,"column":9},"end":{"line":8,"column":10}},"loc":{"start":{"line":8,"column":15},"end":{"line":8,"column":51}},"line":8}},"branchMap":{},"s":{"0":1,"1":1,"2":1,"3":1,"4":1,"5":1,"6":1},"f":{"0":1,"1":1},"b":{},"_coverageSchema":"1a1c01bbd47fc00a2c39e90264f33305004495a9","hash":"f351d45c3c16fe58f3212715b9a1f5da8516b12d"}
,"/home/artmelkon/webdev/node-restful-vidly/utils/logging.js": {"path":"/home/artmelkon/webdev/node-restful-vidly/utils/logging.js","statementMap":{"0":{"start":{"line":8,"column":16},"end":{"line":8,"column":34}},"1":{"start":{"line":9,"column":0},"end":{"line":9,"column":27}},"2":{"start":{"line":10,"column":0},"end":{"line":10,"column":32}},"3":{"start":{"line":13,"column":0},"end":{"line":34,"column":1}},"4":{"start":{"line":15,"column":2},"end":{"line":22,"column":6}},"5":{"start":{"line":24,"column":2},"end":{"line":24,"column":55}},"6":{"start":{"line":24,"column":43},"end":{"line":24,"column":51}},"7":{"start":{"line":26,"column":2},"end":{"line":31,"column":5}},"8":{"start":{"line":33,"column":2},"end":{"line":33,"column":94}}},"fnMap":{"0":{"name":"(anonymous_0)","decl":{"start":{"line":13,"column":17},"end":{"line":13,"column":18}},"loc":{"start":{"line":13,"column":28},"end":{"line":34,"column":1}},"line":13},"1":{"name":"(anonymous_1)","decl":{"start":{"line":24,"column":35},"end":{"line":24,"column":36}},"loc":{"start":{"line":24,"column":41},"end":{"line":24,"column":53}},"line":24}},"branchMap":{},"s":{"0":1,"1":1,"2":1,"3":1,"4":1,"5":1,"6":0,"7":1,"8":1},"f":{"0":1,"1":0},"b":{},"_coverageSchema":"1a1c01bbd47fc00a2c39e90264f33305004495a9","hash":"961dfeebab897f971eba611903944810e860a96d"}
,"/home/artmelkon/webdev/node-restful-vidly/utils/routes.js": {"path":"/home/artmelkon/webdev/node-restful-vidly/utils/routes.js","statementMap":{"0":{"start":{"line":2,"column":19},"end":{"line":2,"column":41}},"1":{"start":{"line":5,"column":24},"end":{"line":5,"column":49}},"2":{"start":{"line":6,"column":24},"end":{"line":6,"column":54}},"3":{"start":{"line":7,"column":24},"end":{"line":7,"column":51}},"4":{"start":{"line":8,"column":24},"end":{"line":8,"column":51}},"5":{"start":{"line":9,"column":24},"end":{"line":9,"column":52}},"6":{"start":{"line":10,"column":24},"end":{"line":10,"column":50}},"7":{"start":{"line":11,"column":24},"end":{"line":11,"column":52}},"8":{"start":{"line":13,"column":0},"end":{"line":23,"column":1}},"9":{"start":{"line":14,"column":2},"end":{"line":14,"column":29}},"10":{"start":{"line":15,"column":2},"end":{"line":15,"column":54}},"11":{"start":{"line":16,"column":2},"end":{"line":16,"column":36}},"12":{"start":{"line":17,"column":2},"end":{"line":17,"column":38}},"13":{"start":{"line":18,"column":2},"end":{"line":18,"column":44}},"14":{"start":{"line":19,"column":2},"end":{"line":19,"column":38}},"15":{"start":{"line":20,"column":2},"end":{"line":20,"column":40}},"16":{"start":{"line":21,"column":2},"end":{"line":21,"column":36}},"17":{"start":{"line":22,"column":2},"end":{"line":22,"column":17}}},"fnMap":{"0":{"name":"(anonymous_0)","decl":{"start":{"line":13,"column":17},"end":{"line":13,"column":18}},"loc":{"start":{"line":13,"column":31},"end":{"line":23,"column":1}},"line":13}},"branchMap":{},"s":{"0":1,"1":1,"2":1,"3":1,"4":1,"5":1,"6":1,"7":1,"8":1,"9":1,"10":1,"11":1,"12":1,"13":1,"14":1,"15":1,"16":1,"17":1},"f":{"0":1},"b":{},"_coverageSchema":"1a1c01bbd47fc00a2c39e90264f33305004495a9","hash":"2156cf4e6823a62933b455e858ab9a7c8aa0b334"}
,"/home/artmelkon/webdev/node-restful-vidly/utils/validation.js": {"path":"/home/artmelkon/webdev/node-restful-vidly/utils/validation.js","statementMap":{"0":{"start":{"line":1,"column":12},"end":{"line":1,"column":26}},"1":{"start":{"line":3,"column":0},"end":{"line":5,"column":1}},"2":{"start":{"line":4,"column":2},"end":{"line":4,"column":46}}},"fnMap":{"0":{"name":"(anonymous_0)","decl":{"start":{"line":3,"column":17},"end":{"line":3,"column":18}},"loc":{"start":{"line":3,"column":28},"end":{"line":5,"column":1}},"line":3}},"branchMap":{},"s":{"0":1,"1":1,"2":1},"f":{"0":1},"b":{},"_coverageSchema":"1a1c01bbd47fc00a2c39e90264f33305004495a9","hash":"900eb3748c4f901285f80bf2f5c2b5c1d9f8f708"}
}
